{"C:\\Users\\MAlzate\\WebstormProjects\\is219hello\\Calculator.js": {"path":"C:\\Users\\MAlzate\\WebstormProjects\\is219hello\\Calculator.js","statementMap":{"0":{"start":{"line":1,"column":23},"end":{"line":1,"column":53}},"1":{"start":{"line":5,"column":8},"end":{"line":10,"column":9}},"2":{"start":{"line":6,"column":12},"end":{"line":6,"column":55}},"3":{"start":{"line":9,"column":12},"end":{"line":9,"column":58}},"4":{"start":{"line":14,"column":8},"end":{"line":14,"column":57}},"5":{"start":{"line":18,"column":8},"end":{"line":18,"column":56}},"6":{"start":{"line":22,"column":8},"end":{"line":22,"column":57}},"7":{"start":{"line":26,"column":8},"end":{"line":26,"column":53}},"8":{"start":{"line":30,"column":8},"end":{"line":30,"column":57}},"9":{"start":{"line":34,"column":8},"end":{"line":34,"column":58}},"10":{"start":{"line":43,"column":0},"end":{"line":43,"column":28}}},"fnMap":{"0":{"name":"(anonymous_0)","decl":{"start":{"line":4,"column":4},"end":{"line":4,"column":5}},"loc":{"start":{"line":4,"column":28},"end":{"line":11,"column":5}},"line":4},"1":{"name":"(anonymous_1)","decl":{"start":{"line":13,"column":4},"end":{"line":13,"column":5}},"loc":{"start":{"line":13,"column":29},"end":{"line":15,"column":5}},"line":13},"2":{"name":"(anonymous_2)","decl":{"start":{"line":17,"column":4},"end":{"line":17,"column":5}},"loc":{"start":{"line":17,"column":31},"end":{"line":19,"column":5}},"line":17},"3":{"name":"(anonymous_3)","decl":{"start":{"line":21,"column":4},"end":{"line":21,"column":5}},"loc":{"start":{"line":21,"column":17},"end":{"line":23,"column":5}},"line":21},"4":{"name":"(anonymous_4)","decl":{"start":{"line":25,"column":4},"end":{"line":25,"column":5}},"loc":{"start":{"line":25,"column":13},"end":{"line":27,"column":5}},"line":25},"5":{"name":"(anonymous_5)","decl":{"start":{"line":29,"column":4},"end":{"line":29,"column":5}},"loc":{"start":{"line":29,"column":17},"end":{"line":31,"column":5}},"line":29},"6":{"name":"(anonymous_6)","decl":{"start":{"line":33,"column":4},"end":{"line":33,"column":5}},"loc":{"start":{"line":33,"column":18},"end":{"line":35,"column":5}},"line":33}},"branchMap":{"0":{"loc":{"start":{"line":4,"column":8},"end":{"line":4,"column":16}},"type":"default-arg","locations":[{"start":{"line":4,"column":12},"end":{"line":4,"column":16}}],"line":4},"1":{"loc":{"start":{"line":4,"column":18},"end":{"line":4,"column":26}},"type":"default-arg","locations":[{"start":{"line":4,"column":22},"end":{"line":4,"column":26}}],"line":4},"2":{"loc":{"start":{"line":5,"column":8},"end":{"line":10,"column":9}},"type":"if","locations":[{"start":{"line":5,"column":8},"end":{"line":10,"column":9}},{"start":{"line":5,"column":8},"end":{"line":10,"column":9}}],"line":5},"3":{"loc":{"start":{"line":13,"column":11},"end":{"line":13,"column":19}},"type":"default-arg","locations":[{"start":{"line":13,"column":15},"end":{"line":13,"column":19}}],"line":13},"4":{"loc":{"start":{"line":13,"column":20},"end":{"line":13,"column":28}},"type":"default-arg","locations":[{"start":{"line":13,"column":24},"end":{"line":13,"column":28}}],"line":13},"5":{"loc":{"start":{"line":17,"column":13},"end":{"line":17,"column":21}},"type":"default-arg","locations":[{"start":{"line":17,"column":17},"end":{"line":17,"column":21}}],"line":17},"6":{"loc":{"start":{"line":17,"column":22},"end":{"line":17,"column":30}},"type":"default-arg","locations":[{"start":{"line":17,"column":26},"end":{"line":17,"column":30}}],"line":17}},"s":{"0":1,"1":2,"2":1,"3":1,"4":1,"5":1,"6":1,"7":1,"8":1,"9":0,"10":1},"f":{"0":2,"1":1,"2":1,"3":1,"4":1,"5":1,"6":0},"b":{"0":[0],"1":[1],"2":[1,1],"3":[0],"4":[0],"5":[0],"6":[0]},"_coverageSchema":"1a1c01bbd47fc00a2c39e90264f33305004495a9","hash":"572a4af8acaa4d4e32c27b2fd77462983d1a2b1c"}
,"C:\\Users\\MAlzate\\WebstormProjects\\is219hello\\MathOperations.js": {"path":"C:\\Users\\MAlzate\\WebstormProjects\\is219hello\\MathOperations.js","statementMap":{"0":{"start":{"line":1,"column":17},"end":{"line":1,"column":38}},"1":{"start":{"line":2,"column":23},"end":{"line":2,"column":50}},"2":{"start":{"line":3,"column":17},"end":{"line":3,"column":38}},"3":{"start":{"line":4,"column":20},"end":{"line":4,"column":44}},"4":{"start":{"line":5,"column":17},"end":{"line":5,"column":38}},"5":{"start":{"line":6,"column":22},"end":{"line":6,"column":48}},"6":{"start":{"line":10,"column":8},"end":{"line":14,"column":9}},"7":{"start":{"line":11,"column":12},"end":{"line":11,"column":35}},"8":{"start":{"line":13,"column":12},"end":{"line":13,"column":37}},"9":{"start":{"line":17,"column":8},"end":{"line":17,"column":44}},"10":{"start":{"line":20,"column":8},"end":{"line":20,"column":36}},"11":{"start":{"line":23,"column":8},"end":{"line":23,"column":41}},"12":{"start":{"line":26,"column":8},"end":{"line":26,"column":33}},"13":{"start":{"line":29,"column":8},"end":{"line":29,"column":42}},"14":{"start":{"line":33,"column":21},"end":{"line":33,"column":22}},"15":{"start":{"line":34,"column":8},"end":{"line":36,"column":11}},"16":{"start":{"line":35,"column":12},"end":{"line":35,"column":38}},"17":{"start":{"line":38,"column":8},"end":{"line":38,"column":22}},"18":{"start":{"line":43,"column":0},"end":{"line":43,"column":32}}},"fnMap":{"0":{"name":"(anonymous_0)","decl":{"start":{"line":9,"column":4},"end":{"line":9,"column":5}},"loc":{"start":{"line":9,"column":35},"end":{"line":15,"column":5}},"line":9},"1":{"name":"(anonymous_1)","decl":{"start":{"line":16,"column":4},"end":{"line":16,"column":5}},"loc":{"start":{"line":16,"column":24},"end":{"line":18,"column":5}},"line":16},"2":{"name":"(anonymous_2)","decl":{"start":{"line":19,"column":4},"end":{"line":19,"column":5}},"loc":{"start":{"line":19,"column":25},"end":{"line":21,"column":5}},"line":19},"3":{"name":"(anonymous_3)","decl":{"start":{"line":22,"column":4},"end":{"line":22,"column":5}},"loc":{"start":{"line":22,"column":24},"end":{"line":24,"column":5}},"line":22},"4":{"name":"(anonymous_4)","decl":{"start":{"line":25,"column":4},"end":{"line":25,"column":5}},"loc":{"start":{"line":25,"column":20},"end":{"line":27,"column":5}},"line":25},"5":{"name":"(anonymous_5)","decl":{"start":{"line":28,"column":4},"end":{"line":28,"column":5}},"loc":{"start":{"line":28,"column":24},"end":{"line":30,"column":5}},"line":28},"6":{"name":"(anonymous_6)","decl":{"start":{"line":32,"column":4},"end":{"line":32,"column":5}},"loc":{"start":{"line":32,"column":32},"end":{"line":40,"column":5}},"line":32},"7":{"name":"(anonymous_7)","decl":{"start":{"line":34,"column":24},"end":{"line":34,"column":25}},"loc":{"start":{"line":34,"column":39},"end":{"line":36,"column":9}},"line":34}},"branchMap":{"0":{"loc":{"start":{"line":9,"column":15},"end":{"line":9,"column":23}},"type":"default-arg","locations":[{"start":{"line":9,"column":19},"end":{"line":9,"column":23}}],"line":9},"1":{"loc":{"start":{"line":9,"column":25},"end":{"line":9,"column":33}},"type":"default-arg","locations":[{"start":{"line":9,"column":29},"end":{"line":9,"column":33}}],"line":9},"2":{"loc":{"start":{"line":10,"column":8},"end":{"line":14,"column":9}},"type":"if","locations":[{"start":{"line":10,"column":8},"end":{"line":14,"column":9}},{"start":{"line":10,"column":8},"end":{"line":14,"column":9}}],"line":10},"3":{"loc":{"start":{"line":32,"column":19},"end":{"line":32,"column":31}},"type":"default-arg","locations":[{"start":{"line":32,"column":29},"end":{"line":32,"column":31}}],"line":32}},"s":{"0":1,"1":1,"2":1,"3":1,"4":1,"5":1,"6":2,"7":1,"8":1,"9":1,"10":1,"11":1,"12":1,"13":1,"14":0,"15":0,"16":0,"17":0,"18":1},"f":{"0":2,"1":1,"2":1,"3":1,"4":1,"5":1,"6":0,"7":0},"b":{"0":[0],"1":[1],"2":[1,1],"3":[0]},"_coverageSchema":"1a1c01bbd47fc00a2c39e90264f33305004495a9","hash":"7ee29c744696020dc34721012d9e2be147ae6e25"}
,"C:\\Users\\MAlzate\\WebstormProjects\\is219hello\\addition.js": {"path":"C:\\Users\\MAlzate\\WebstormProjects\\is219hello\\addition.js","statementMap":{"0":{"start":{"line":3,"column":21},"end":{"line":3,"column":22}},"1":{"start":{"line":4,"column":8},"end":{"line":11,"column":9}},"2":{"start":{"line":5,"column":12},"end":{"line":7,"column":15}},"3":{"start":{"line":6,"column":16},"end":{"line":6,"column":52}},"4":{"start":{"line":10,"column":12},"end":{"line":10,"column":27}},"5":{"start":{"line":12,"column":8},"end":{"line":12,"column":22}},"6":{"start":{"line":16,"column":0},"end":{"line":16,"column":26}}},"fnMap":{"0":{"name":"(anonymous_0)","decl":{"start":{"line":2,"column":4},"end":{"line":2,"column":5}},"loc":{"start":{"line":2,"column":35},"end":{"line":13,"column":5}},"line":2},"1":{"name":"(anonymous_1)","decl":{"start":{"line":5,"column":22},"end":{"line":5,"column":23}},"loc":{"start":{"line":5,"column":38},"end":{"line":7,"column":13}},"line":5}},"branchMap":{"0":{"loc":{"start":{"line":2,"column":15},"end":{"line":2,"column":23}},"type":"default-arg","locations":[{"start":{"line":2,"column":19},"end":{"line":2,"column":23}}],"line":2},"1":{"loc":{"start":{"line":2,"column":25},"end":{"line":2,"column":33}},"type":"default-arg","locations":[{"start":{"line":2,"column":29},"end":{"line":2,"column":33}}],"line":2},"2":{"loc":{"start":{"line":4,"column":8},"end":{"line":11,"column":9}},"type":"if","locations":[{"start":{"line":4,"column":8},"end":{"line":11,"column":9}},{"start":{"line":4,"column":8},"end":{"line":11,"column":9}}],"line":4}},"s":{"0":7,"1":7,"2":1,"3":4,"4":6,"5":7,"6":2},"f":{"0":7,"1":4},"b":{"0":[0],"1":[1],"2":[1,6]},"_coverageSchema":"1a1c01bbd47fc00a2c39e90264f33305004495a9","hash":"f4e9ece9b3f9e7acca01612ef8e473227d92ba17"}
,"C:\\Users\\MAlzate\\WebstormProjects\\is219hello\\division.js": {"path":"C:\\Users\\MAlzate\\WebstormProjects\\is219hello\\division.js","statementMap":{"0":{"start":{"line":3,"column":21},"end":{"line":3,"column":22}},"1":{"start":{"line":4,"column":8},"end":{"line":4,"column":23}},"2":{"start":{"line":5,"column":8},"end":{"line":5,"column":22}},"3":{"start":{"line":8,"column":0},"end":{"line":8,"column":26}}},"fnMap":{"0":{"name":"(anonymous_0)","decl":{"start":{"line":2,"column":4},"end":{"line":2,"column":5}},"loc":{"start":{"line":2,"column":38},"end":{"line":6,"column":5}},"line":2}},"branchMap":{"0":{"loc":{"start":{"line":2,"column":18},"end":{"line":2,"column":26}},"type":"default-arg","locations":[{"start":{"line":2,"column":22},"end":{"line":2,"column":26}}],"line":2},"1":{"loc":{"start":{"line":2,"column":28},"end":{"line":2,"column":36}},"type":"default-arg","locations":[{"start":{"line":2,"column":32},"end":{"line":2,"column":36}}],"line":2}},"s":{"0":2,"1":2,"2":2,"3":2},"f":{"0":2},"b":{"0":[0],"1":[0]},"_coverageSchema":"1a1c01bbd47fc00a2c39e90264f33305004495a9","hash":"507dc9f0aecc0d183d3ef7caa0a18068d1d766c5"}
,"C:\\Users\\MAlzate\\WebstormProjects\\is219hello\\multiplication.js": {"path":"C:\\Users\\MAlzate\\WebstormProjects\\is219hello\\multiplication.js","statementMap":{"0":{"start":{"line":4,"column":21},"end":{"line":4,"column":22}},"1":{"start":{"line":5,"column":8},"end":{"line":5,"column":23}},"2":{"start":{"line":6,"column":8},"end":{"line":6,"column":22}},"3":{"start":{"line":9,"column":0},"end":{"line":9,"column":32}}},"fnMap":{"0":{"name":"(anonymous_0)","decl":{"start":{"line":3,"column":4},"end":{"line":3,"column":5}},"loc":{"start":{"line":3,"column":40},"end":{"line":7,"column":5}},"line":3}},"branchMap":{"0":{"loc":{"start":{"line":3,"column":20},"end":{"line":3,"column":28}},"type":"default-arg","locations":[{"start":{"line":3,"column":24},"end":{"line":3,"column":28}}],"line":3},"1":{"loc":{"start":{"line":3,"column":30},"end":{"line":3,"column":38}},"type":"default-arg","locations":[{"start":{"line":3,"column":34},"end":{"line":3,"column":38}}],"line":3}},"s":{"0":2,"1":2,"2":2,"3":2},"f":{"0":2},"b":{"0":[0],"1":[0]},"_coverageSchema":"1a1c01bbd47fc00a2c39e90264f33305004495a9","hash":"d83f7302defe97b60c6466dfd118c2be5cb25a21"}
,"C:\\Users\\MAlzate\\WebstormProjects\\is219hello\\sanitization.js": {"path":"C:\\Users\\MAlzate\\WebstormProjects\\is219hello\\sanitization.js","statementMap":{"0":{"start":{"line":3,"column":20},"end":{"line":3,"column":24}},"1":{"start":{"line":4,"column":8},"end":{"line":8,"column":9}},"2":{"start":{"line":5,"column":12},"end":{"line":5,"column":50}},"3":{"start":{"line":7,"column":12},"end":{"line":7,"column":26}},"4":{"start":{"line":9,"column":8},"end":{"line":9,"column":21}},"5":{"start":{"line":13,"column":0},"end":{"line":13,"column":30}}},"fnMap":{"0":{"name":"(anonymous_0)","decl":{"start":{"line":2,"column":4},"end":{"line":2,"column":5}},"loc":{"start":{"line":2,"column":28},"end":{"line":10,"column":5}},"line":2}},"branchMap":{"0":{"loc":{"start":{"line":4,"column":8},"end":{"line":8,"column":9}},"type":"if","locations":[{"start":{"line":4,"column":8},"end":{"line":8,"column":9}},{"start":{"line":4,"column":8},"end":{"line":8,"column":9}}],"line":4},"1":{"loc":{"start":{"line":4,"column":12},"end":{"line":4,"column":56}},"type":"binary-expr","locations":[{"start":{"line":4,"column":12},"end":{"line":4,"column":33}},{"start":{"line":4,"column":37},"end":{"line":4,"column":56}}],"line":4}},"s":{"0":2,"1":2,"2":1,"3":1,"4":1,"5":1},"f":{"0":2},"b":{"0":[1,1],"1":[2,1]},"_coverageSchema":"1a1c01bbd47fc00a2c39e90264f33305004495a9","hash":"c1e7044617c73a2d82b3b673cbc8698dc42e6d59"}
,"C:\\Users\\MAlzate\\WebstormProjects\\is219hello\\squarerooting.js": {"path":"C:\\Users\\MAlzate\\WebstormProjects\\is219hello\\squarerooting.js","statementMap":{"0":{"start":{"line":3,"column":21},"end":{"line":3,"column":22}},"1":{"start":{"line":4,"column":8},"end":{"line":4,"column":31}},"2":{"start":{"line":5,"column":8},"end":{"line":5,"column":22}},"3":{"start":{"line":8,"column":0},"end":{"line":8,"column":31}}},"fnMap":{"0":{"name":"(anonymous_0)","decl":{"start":{"line":2,"column":4},"end":{"line":2,"column":5}},"loc":{"start":{"line":2,"column":32},"end":{"line":6,"column":5}},"line":2}},"branchMap":{"0":{"loc":{"start":{"line":2,"column":22},"end":{"line":2,"column":30}},"type":"default-arg","locations":[{"start":{"line":2,"column":26},"end":{"line":2,"column":30}}],"line":2}},"s":{"0":2,"1":2,"2":2,"3":2},"f":{"0":2},"b":{"0":[0]},"_coverageSchema":"1a1c01bbd47fc00a2c39e90264f33305004495a9","hash":"e78f2077c95767b3b9e8cfa6b80464d5c62ae247"}
,"C:\\Users\\MAlzate\\WebstormProjects\\is219hello\\squaring.js": {"path":"C:\\Users\\MAlzate\\WebstormProjects\\is219hello\\squaring.js","statementMap":{"0":{"start":{"line":3,"column":21},"end":{"line":3,"column":22}},"1":{"start":{"line":4,"column":8},"end":{"line":4,"column":25}},"2":{"start":{"line":5,"column":8},"end":{"line":5,"column":22}},"3":{"start":{"line":8,"column":0},"end":{"line":8,"column":26}}},"fnMap":{"0":{"name":"(anonymous_0)","decl":{"start":{"line":2,"column":4},"end":{"line":2,"column":5}},"loc":{"start":{"line":2,"column":28},"end":{"line":6,"column":5}},"line":2}},"branchMap":{"0":{"loc":{"start":{"line":2,"column":18},"end":{"line":2,"column":26}},"type":"default-arg","locations":[{"start":{"line":2,"column":22},"end":{"line":2,"column":26}}],"line":2}},"s":{"0":2,"1":2,"2":2,"3":2},"f":{"0":2},"b":{"0":[0]},"_coverageSchema":"1a1c01bbd47fc00a2c39e90264f33305004495a9","hash":"4fa9fd16d5788fc572b0861c3d5c51af413e8959"}
,"C:\\Users\\MAlzate\\WebstormProjects\\is219hello\\subtraction.js": {"path":"C:\\Users\\MAlzate\\WebstormProjects\\is219hello\\subtraction.js","statementMap":{"0":{"start":{"line":3,"column":21},"end":{"line":3,"column":22}},"1":{"start":{"line":4,"column":8},"end":{"line":4,"column":23}},"2":{"start":{"line":5,"column":8},"end":{"line":5,"column":22}},"3":{"start":{"line":8,"column":0},"end":{"line":8,"column":29}}},"fnMap":{"0":{"name":"(anonymous_0)","decl":{"start":{"line":2,"column":4},"end":{"line":2,"column":5}},"loc":{"start":{"line":2,"column":40},"end":{"line":6,"column":5}},"line":2}},"branchMap":{"0":{"loc":{"start":{"line":2,"column":20},"end":{"line":2,"column":28}},"type":"default-arg","locations":[{"start":{"line":2,"column":24},"end":{"line":2,"column":28}}],"line":2},"1":{"loc":{"start":{"line":2,"column":30},"end":{"line":2,"column":38}},"type":"default-arg","locations":[{"start":{"line":2,"column":34},"end":{"line":2,"column":38}}],"line":2}},"s":{"0":2,"1":2,"2":2,"3":2},"f":{"0":2},"b":{"0":[0],"1":[0]},"_coverageSchema":"1a1c01bbd47fc00a2c39e90264f33305004495a9","hash":"e900a5370e58bfff4fbba6ed5a291ccf8f0bda7c"}
}
