TN:
SF:Calculator.js
FN:4,(anonymous_0)
FN:13,(anonymous_1)
FN:17,(anonymous_2)
FN:21,(anonymous_3)
FN:25,(anonymous_4)
FN:29,(anonymous_5)
FN:33,(anonymous_6)
FNF:7
FNH:6
FNDA:2,(anonymous_0)
FNDA:1,(anonymous_1)
FNDA:1,(anonymous_2)
FNDA:1,(anonymous_3)
FNDA:1,(anonymous_4)
FNDA:1,(anonymous_5)
FNDA:0,(anonymous_6)
DA:1,1
DA:5,2
DA:6,1
DA:9,1
DA:14,1
DA:18,1
DA:22,1
DA:26,1
DA:30,1
DA:34,0
DA:43,1
LF:11
LH:10
BRDA:4,0,0,0
BRDA:4,1,0,1
BRDA:5,2,0,1
BRDA:5,2,1,1
BRDA:13,3,0,0
BRDA:13,4,0,0
BRDA:17,5,0,0
BRDA:17,6,0,0
BRF:8
BRH:3
end_of_record
TN:
SF:MathOperations.js
FN:9,(anonymous_0)
FN:16,(anonymous_1)
FN:19,(anonymous_2)
FN:22,(anonymous_3)
FN:25,(anonymous_4)
FN:28,(anonymous_5)
FN:32,(anonymous_6)
FN:34,(anonymous_7)
FNF:8
FNH:6
FNDA:2,(anonymous_0)
FNDA:1,(anonymous_1)
FNDA:1,(anonymous_2)
FNDA:1,(anonymous_3)
FNDA:1,(anonymous_4)
FNDA:1,(anonymous_5)
FNDA:0,(anonymous_6)
FNDA:0,(anonymous_7)
DA:1,1
DA:2,1
DA:3,1
DA:4,1
DA:5,1
DA:6,1
DA:10,2
DA:11,1
DA:13,1
DA:17,1
DA:20,1
DA:23,1
DA:26,1
DA:29,1
DA:33,0
DA:34,0
DA:35,0
DA:38,0
DA:43,1
LF:19
LH:15
BRDA:9,0,0,0
BRDA:9,1,0,1
BRDA:10,2,0,1
BRDA:10,2,1,1
BRDA:32,3,0,0
BRF:5
BRH:3
end_of_record
TN:
SF:addition.js
FN:2,(anonymous_0)
FN:5,(anonymous_1)
FNF:2
FNH:2
FNDA:7,(anonymous_0)
FNDA:4,(anonymous_1)
DA:3,7
DA:4,7
DA:5,1
DA:6,4
DA:10,6
DA:12,7
DA:16,2
LF:7
LH:7
BRDA:2,0,0,0
BRDA:2,1,0,1
BRDA:4,2,0,1
BRDA:4,2,1,6
BRF:4
BRH:3
end_of_record
TN:
SF:division.js
FN:2,(anonymous_0)
FNF:1
FNH:1
FNDA:2,(anonymous_0)
DA:3,2
DA:4,2
DA:5,2
DA:8,2
LF:4
LH:4
BRDA:2,0,0,0
BRDA:2,1,0,0
BRF:2
BRH:0
end_of_record
TN:
SF:multiplication.js
FN:3,(anonymous_0)
FNF:1
FNH:1
FNDA:2,(anonymous_0)
DA:4,2
DA:5,2
DA:6,2
DA:9,2
LF:4
LH:4
BRDA:3,0,0,0
BRDA:3,1,0,0
BRF:2
BRH:0
end_of_record
TN:
SF:sanitization.js
FN:2,(anonymous_0)
FNF:1
FNH:1
FNDA:2,(anonymous_0)
DA:3,2
DA:4,2
DA:5,1
DA:7,1
DA:9,1
DA:13,1
LF:6
LH:6
BRDA:4,0,0,1
BRDA:4,0,1,1
BRDA:4,1,0,2
BRDA:4,1,1,1
BRF:4
BRH:4
end_of_record
TN:
SF:squarerooting.js
FN:2,(anonymous_0)
FNF:1
FNH:1
FNDA:2,(anonymous_0)
DA:3,2
DA:4,2
DA:5,2
DA:8,2
LF:4
LH:4
BRDA:2,0,0,0
BRF:1
BRH:0
end_of_record
TN:
SF:squaring.js
FN:2,(anonymous_0)
FNF:1
FNH:1
FNDA:2,(anonymous_0)
DA:3,2
DA:4,2
DA:5,2
DA:8,2
LF:4
LH:4
BRDA:2,0,0,0
BRF:1
BRH:0
end_of_record
TN:
SF:subtraction.js
FN:2,(anonymous_0)
FNF:1
FNH:1
FNDA:2,(anonymous_0)
DA:3,2
DA:4,2
DA:5,2
DA:8,2
LF:4
LH:4
BRDA:2,0,0,0
BRDA:2,1,0,0
BRF:2
BRH:0
end_of_record
